# JRE version: Java(TM) SE Runtime Environment (8.0_181-b13) (build 1.8.0_181-b13)
# Java VM: Java HotSpot(TM) 64-Bit Server VM (25.181-b13 mixed mode windows-amd64 compressed oops)
Heap:
 PSYoungGen      total 135168K, used 120844K [0x00000000e6600000, 0x00000000ef480000, 0x0000000100000000)
  eden space 127488K, 88% used [0x00000000e6600000,0x00000000ed488308,0x00000000ee280000)
  from space 7680K, 99% used [0x00000000eed00000,0x00000000ef47af78,0x00000000ef480000)
  to   space 8704K, 0% used [0x00000000ee380000,0x00000000ee380000,0x00000000eec00000)
 ParOldGen       total 41984K, used 10373K [0x00000000b3200000, 0x00000000b5b00000, 0x00000000e6600000)
  object space 41984K, 24% used [0x00000000b3200000,0x00000000b3c21420,0x00000000b5b00000)
 Metaspace       used 29538K, capacity 31056K, committed 31104K, reserved 1075200K
  class space    used 4125K, capacity 4443K, committed 4480K, reserved 1048576K
GC Heap History (10 events):
Event: 2.051 GC heap before
{Heap before GC invocations=5 (full 0):
 PSYoungGen      total 44032K, used 44016K [0x00000000e6600000, 0x00000000e9400000, 0x0000000100000000)
  eden space 40960K, 100% used [0x00000000e6600000,0x00000000e8e00000,0x00000000e8e00000)
  from space 3072K, 99% used [0x00000000e9100000,0x00000000e93fc010,0x00000000e9400000)
  to   space 3072K, 0% used [0x00000000e8e00000,0x00000000e8e00000,0x00000000e9100000)
 ParOldGen       total 53248K, used 3358K [0x00000000b3200000, 0x00000000b6600000, 0x00000000e6600000)
  object space 53248K, 6% used [0x00000000b3200000,0x00000000b3547918,0x00000000b6600000)
 Metaspace       used 17594K, capacity 18242K, committed 18560K, reserved 1064960K
  class space    used 2418K, capacity 2611K, committed 2688K, reserved 1048576K
Event: 2.071 GC heap after
Heap after GC invocations=5 (full 0):
 PSYoungGen      total 44032K, used 3051K [0x00000000e6600000, 0x00000000ec500000, 0x0000000100000000)
  eden space 40960K, 0% used [0x00000000e6600000,0x00000000e6600000,0x00000000e8e00000)
  from space 3072K, 99% used [0x00000000e8e00000,0x00000000e90faf50,0x00000000e9100000)
  to   space 7680K, 0% used [0x00000000ebd80000,0x00000000ebd80000,0x00000000ec500000)
 ParOldGen       total 53248K, used 7936K [0x00000000b3200000, 0x00000000b6600000, 0x00000000e6600000)
  object space 53248K, 14% used [0x00000000b3200000,0x00000000b39c0378,0x00000000b6600000)
 Metaspace       used 17594K, capacity 18242K, committed 18560K, reserved 1064960K
  class space    used 2418K, capacity 2611K, committed 2688K, reserved 1048576K
}
Event: 2.360 GC heap before
{Heap before GC invocations=6 (full 0):
 PSYoungGen      total 44032K, used 26019K [0x00000000e6600000, 0x00000000ec500000, 0x0000000100000000)
  eden space 40960K, 56% used [0x00000000e6600000,0x00000000e7c6dfe8,0x00000000e8e00000)
  from space 3072K, 99% used [0x00000000e8e00000,0x00000000e90faf50,0x00000000e9100000)
  to   space 7680K, 0% used [0x00000000ebd80000,0x00000000ebd80000,0x00000000ec500000)
 ParOldGen       total 53248K, used 7936K [0x00000000b3200000, 0x00000000b6600000, 0x00000000e6600000)
  object space 53248K, 14% used [0x00000000b3200000,0x00000000b39c0378,0x00000000b6600000)
 Metaspace       used 20407K, capacity 21066K, committed 21248K, reserved 1067008K
  class space    used 2777K, capacity 2947K, committed 3072K, reserved 1048576K
Event: 2.373 GC heap after
Heap after GC invocations=6 (full 0):
 PSYoungGen      total 89600K, used 5947K [0x00000000e6600000, 0x00000000ec500000, 0x0000000100000000)
  eden space 81920K, 0% used [0x00000000e6600000,0x00000000e6600000,0x00000000eb600000)
  from space 7680K, 77% used [0x00000000ebd80000,0x00000000ec34ee58,0x00000000ec500000)
  to   space 7680K, 0% used [0x00000000eb600000,0x00000000eb600000,0x00000000ebd80000)
 ParOldGen       total 53248K, used 7944K [0x00000000b3200000, 0x00000000b6600000, 0x00000000e6600000)
  object space 53248K, 14% used [0x00000000b3200000,0x00000000b39c2378,0x00000000b6600000)
 Metaspace       used 20407K, capacity 21066K, committed 21248K, reserved 1067008K
  class space    used 2777K, capacity 2947K, committed 3072K, reserved 1048576K
}
Event: 2.373 GC heap before
{Heap before GC invocations=7 (full 1):
 PSYoungGen      total 89600K, used 5947K [0x00000000e6600000, 0x00000000ec500000, 0x0000000100000000)
  eden space 81920K, 0% used [0x00000000e6600000,0x00000000e6600000,0x00000000eb600000)
  from space 7680K, 77% used [0x00000000ebd80000,0x00000000ec34ee58,0x00000000ec500000)
  to   space 7680K, 0% used [0x00000000eb600000,0x00000000eb600000,0x00000000ebd80000)
 ParOldGen       total 53248K, used 7944K [0x00000000b3200000, 0x00000000b6600000, 0x00000000e6600000)
  object space 53248K, 14% used [0x00000000b3200000,0x00000000b39c2378,0x00000000b6600000)
 Metaspace       used 20407K, capacity 21066K, committed 21248K, reserved 1067008K
  class space    used 2777K, capacity 2947K, committed 3072K, reserved 1048576K
Event: 2.433 GC heap after
Heap after GC invocations=7 (full 1):
 PSYoungGen      total 89600K, used 0K [0x00000000e6600000, 0x00000000ec500000, 0x0000000100000000)
  eden space 81920K, 0% used [0x00000000e6600000,0x00000000e6600000,0x00000000eb600000)
  from space 7680K, 0% used [0x00000000ebd80000,0x00000000ebd80000,0x00000000ec500000)
  to   space 7680K, 0% used [0x00000000eb600000,0x00000000eb600000,0x00000000ebd80000)
 ParOldGen       total 41984K, used 9445K [0x00000000b3200000, 0x00000000b5b00000, 0x00000000e6600000)
  object space 41984K, 22% used [0x00000000b3200000,0x00000000b3b39458,0x00000000b5b00000)
 Metaspace       used 20407K, capacity 21066K, committed 21248K, reserved 1067008K
  class space    used 2777K, capacity 2947K, committed 3072K, reserved 1048576K
}
Event: 3.147 GC heap before
{Heap before GC invocations=8 (full 1):
 PSYoungGen      total 89600K, used 81920K [0x00000000e6600000, 0x00000000ec500000, 0x0000000100000000)
  eden space 81920K, 100% used [0x00000000e6600000,0x00000000eb600000,0x00000000eb600000)
  from space 7680K, 0% used [0x00000000ebd80000,0x00000000ebd80000,0x00000000ec500000)
  to   space 7680K, 0% used [0x00000000eb600000,0x00000000eb600000,0x00000000ebd80000)
 ParOldGen       total 41984K, used 9445K [0x00000000b3200000, 0x00000000b5b00000, 0x00000000e6600000)
  object space 41984K, 22% used [0x00000000b3200000,0x00000000b3b39458,0x00000000b5b00000)
 Metaspace       used 22139K, capacity 23014K, committed 23296K, reserved 1069056K
  class space    used 3018K, capacity 3218K, committed 3328K, reserved 1048576K
Event: 3.156 GC heap after
Heap after GC invocations=8 (full 1):
 PSYoungGen      total 89600K, used 4411K [0x00000000e6600000, 0x00000000ef480000, 0x0000000100000000)
  eden space 81920K, 0% used [0x00000000e6600000,0x00000000e6600000,0x00000000eb600000)
  from space 7680K, 57% used [0x00000000eb600000,0x00000000eba4eda0,0x00000000ebd80000)
  to   space 7680K, 0% used [0x00000000eed00000,0x00000000eed00000,0x00000000ef480000)
 ParOldGen       total 41984K, used 9517K [0x00000000b3200000, 0x00000000b5b00000, 0x00000000e6600000)
  object space 41984K, 22% used [0x00000000b3200000,0x00000000b3b4b468,0x00000000b5b00000)
 Metaspace       used 22139K, capacity 23014K, committed 23296K, reserved 1069056K
  class space    used 3018K, capacity 3218K, committed 3328K, reserved 1048576K
}
Event: 4.235 GC heap before
{Heap before GC invocations=9 (full 1):
 PSYoungGen      total 89600K, used 86331K [0x00000000e6600000, 0x00000000ef480000, 0x0000000100000000)
  eden space 81920K, 100% used [0x00000000e6600000,0x00000000eb600000,0x00000000eb600000)
  from space 7680K, 57% used [0x00000000eb600000,0x00000000eba4eda0,0x00000000ebd80000)
  to   space 7680K, 0% used [0x00000000eed00000,0x00000000eed00000,0x00000000ef480000)
 ParOldGen       total 41984K, used 9517K [0x00000000b3200000, 0x00000000b5b00000, 0x00000000e6600000)
  object space 41984K, 22% used [0x00000000b3200000,0x00000000b3b4b468,0x00000000b5b00000)
 Metaspace       used 25633K, capacity 26798K, committed 26880K, reserved 1073152K
  class space    used 3557K, capacity 3824K, committed 3840K, reserved 1048576K
Event: 4.251 GC heap after
Heap after GC invocations=9 (full 1):
 PSYoungGen      total 135168K, used 7659K [0x00000000e6600000, 0x00000000ef480000, 0x0000000100000000)
  eden space 127488K, 0% used [0x00000000e6600000,0x00000000e6600000,0x00000000ee280000)
  from space 7680K, 99% used [0x00000000eed00000,0x00000000ef47af78,0x00000000ef480000)
  to   space 8704K, 0% used [0x00000000ee380000,0x00000000ee380000,0x00000000eec00000)
 ParOldGen       total 41984K, used 10373K [0x00000000b3200000, 0x00000000b5b00000, 0x00000000e6600000)
  object space 41984K, 24% used [0x00000000b3200000,0x00000000b3c21420,0x00000000b5b00000)
 Metaspace       used 25633K, capacity 26798K, committed 26880K, reserved 1073152K
  class space    used 3557K, capacity 3824K, committed 3840K, reserved 1048576K
}

